<?xml version="1.0" encoding="utf-8" standalone="yes"?>
<?xml-stylesheet  type="text/xsl" href="/NUnit-NoFrame.xsl"?>
<test-results time="2:39 AM" date="8/31/2013" name="UNNAMED" invalid="0" skipped="0" ignored="0" total="0" failures="0" errors="0" inconclusive="0" not-run="0">
  <environment nunit-version="AllIn1Runner" machine-name="" platform="" os-version="" clr-version="" user="" user-domain="" cwd="" />
  <culture-info current-uiculture="" current-culture="" />
  <test-suite name="" result="" type="" executed="">
    <results>
      <test-case name="DisablingGOWithAttachedRigidbody2DWontCrash" result="Success" executed="true" time="0.205" success="true" />
      <test-case name="GeneratingPolygonColliderFromComplexTextureWontCrash" result="Success" executed="true" time="0.203" success="true" />
      <test-case name="RemovingRigidbody2DFromGOWithPolygonCollider2DWontCrash" result="Success" executed="true" time="0.305" success="true" />
      <test-case name="Trigger2DCallbacksAreBeingCalled" result="Success" executed="true" time="0.726" success="true" />
      <test-case name="Collider2DRigidbodyAttachmentWorks" result="Success" executed="true" time="0.203" success="true" />
      <test-case name="Colliders2DAreInitializedCorrectlyWhenCreated" result="Success" executed="true" time="0.415" success="true" />
      <test-case name="MixedCollider2DAllowed" result="Success" executed="true" time="0.203" success="true" />
      <test-case name="MultiplePolygon2DColldiersNotAllowed" result="Success" executed="true" time="0.21" success="true" />
      <test-case name="Physics2DIgnoreLayerCollisionWorks" result="Success" executed="true" time="0.205" success="true" />
      <test-case name="PolygonColliderGetSetPathWorks" result="Success" executed="true" time="0.314" success="true" />
      <test-case name="GravityAffectsSimilation" result="Success" executed="true" time="0.303" success="true" />
      <test-case name="Physics2DCheckArea" result="Success" executed="true" time="0.527" success="true" />
      <test-case name="Physics2DCheckCircle" result="Success" executed="true" time="1.826" success="true" />
      <test-case name="Physics2DCheckPoint" result="Success" executed="true" time="0.634" success="true" />
      <test-case name="AccessingRigidbody2DDuringDestructionWontCrash" result="Success" executed="true" time="0.101" success="true" />
      <test-case name="RigidBody2DAddForceWorks" result="Success" executed="true" time="0.504" success="true" />
      <test-case name="RigidBody2DAddTorqueWorks" result="Success" executed="true" time="0.308" success="true" />
      <test-case name="RigidBody2DCanSleepAndWakeUp" result="Success" executed="true" time="0.406" success="true" />
      <test-case name="Physics2DLineCast" result="Success" executed="true" time="0.211" success="true" />
      <test-case name="Physics2DLineCastAll" result="Success" executed="true" time="0.313" success="true" />
      <test-case name="Physics2DRayCast" result="Success" executed="true" time="0.314" success="true" />
      <test-case name="Physics2DRayCastAll" result="Success" executed="true" time="0.529" success="true" />
      <test-case name="AgentBaseOffsetTest" result="Success" executed="true" time="0.727" success="true" />
      <test-case name="AgentSetDestinationClose" result="Success" executed="true" time="0.411" success="true" />
      <test-case name="AgentSetDestinationDoesNotResumeWithinStoppingDistance" result="Success" executed="true" time="0.818" success="true" />
      <test-case name="AgentSetDestinationResumesWhenStopped" result="Success" executed="true" time="1.009" success="true" />
      <test-case name="AgentSetDestinationToCurrentPosition" result="Success" executed="true" time="0.208" success="true" />
      <test-case name="AgentSetSamePositionAndDestination" result="Success" executed="true" time="0.414" success="true" />
      <test-case name="IsPathStaleWithTheSameOffMeshLinkLayer" result="Success" executed="true" time="0.305" success="true" />
      <test-case name="IsPathStaleWithNewOffMeshLinkLayer" result="Success" executed="true" time="0.202" success="true" />
      <test-case name="IsPathStaleWithTheSameOffMeshLinkCostOverride" result="Success" executed="true" time="0.311" success="true" />
      <test-case name="IsPathStaleWithNewLayerCost" result="Success" executed="true" time="0.202" success="true" />
      <test-case name="IsPathStaleWithNewWalkableMask" result="Success" executed="true" time="0.202" success="true" />
      <test-case name="IsPathStaleWithTheSameLayerCost" result="Success" executed="true" time="0.313" success="true" />
      <test-case name="IsPathStaleWithTheSameWalkableMask" result="Success" executed="true" time="0.304" success="true" />
      <test-case name="AgentPathFlagsNoPath" result="Success" executed="true" time="0.735" success="true" />
      <test-case name="AgentPathPendingTest" result="Success" executed="true" time="0.302" success="true" />
      <test-case name="AgentPausedTest" result="Success" executed="true" time="0.404" success="true" />
      <test-case name="AgentPropertiesUseCorrectDefaultValues" result="Success" executed="true" time="0.312" success="true" />
      <test-case name="AgentRemainigDistanceAfterMove" result="Success" executed="true" time="0.522" success="true" />
      <test-case name="AgentResetPathTest" result="Success" executed="true" time="0.415" success="true" />
      <test-case name="AgentResumeTest" result="Success" executed="true" time="0.405" success="true" />
      <test-case name="AgentSetTargetLocationFastVelocity" result="Success" executed="true" time="0.411" success="true" />
      <test-case name="AgentSetTransformPosition" result="Success" executed="true" time="0.939" success="true" />
      <test-case name="AgentSetVelocityTest" result="Success" executed="true" time="0.406" success="true" />
      <test-case name="AgentUpdatePositionTest" result="Success" executed="true" time="0.31" success="true" />
      <test-case name="AgentUpdateRotationTest" result="Success" executed="true" time="0.203" success="true" />
      <test-case name="AgentWarpTest" result="Success" executed="true" time="0.518" success="true" />
      <test-case name="AgentHasNoPathAfterMove" result="Success" executed="true" time="0.311" success="true" />
      <test-case name="NavMeshPathClearCorners" result="Success" executed="true" time="0.202" success="true" />
      <test-case name="NavMeshPathStatusTest" result="Success" executed="true" time="0.303" success="true" />
      <test-case name="GameObjectTransformReflectsAgentBaseOffset" result="Success" executed="true" time="0.415" success="true" />
      <test-case name="CanBakeNavMesh" result="Success" executed="true" time="0.309" success="true" />
      <test-case name="CanInstantiateNavMeshPath" result="Success" executed="true" time="0.103" success="true" />
      <test-case name="EmptyNavMeshRaycast" result="Success" executed="true" time="0.101" success="true" />
      <test-case name="NavMeshAgentPathFlags" result="Success" executed="true" time="0.409" success="true" />
      <test-case name="NavMeshAgentPropertiesNoNavMesh" result="Success" executed="true" time="0.314" success="true" />
      <test-case name="NavMeshAgentSetInvalid" result="Success" executed="true" time="0.854" success="true" />
      <test-case name="NavMeshObstacleCarving" result="Success" executed="true" time="0.304" success="true" />
      <test-case name="NavMeshObstacleHasRigidbodyVelocity" result="Success" executed="true" time="0.407" success="true" />
      <test-case name="NavMeshObstacleSetInvalid" result="Success" executed="true" time="0.323" success="true" />
      <test-case name="NavMeshObtacleAffectsAgentsMovement" result="Success" executed="true" time="0.712" success="true" />
      <test-case name="NoNavMeshBakedAgentAdded" result="Success" executed="true" time="0.303" success="true" />
      <test-case name="TriangulateNavMesh" result="Success" executed="true" time="0.424" success="true" />
      <test-case name="AddDynamicOffMeshLinkWorks" result="Success" executed="true" time="0.303" success="true" />
      <test-case name="AgentRepathStalePathAfterReachingEndOfPartial" result="Success" executed="true" time="0.414" success="true" />
      <test-case name="OffMeshLinkMultipleAddComponent" result="Success" executed="true" time="0.314" success="true" />
      <test-case name="AnimatingArraySizeDoesNothing" result="Success" executed="true" time="0.414" success="true" />
      <test-case name="AnimatedObjectsCanBeDestroyed" result="Success" executed="true" time="0.303" success="true" />
      <test-case name="AnimationCanAccessStatesByName" result="Success" executed="true" time="0.303" success="true" />
      <test-case name="AnimationCurveMoveKey" result="Success" executed="true" time="0.211" success="true" />
      <test-case name="BakedLocalEulerAngles360" result="Success" executed="true" time="0.204" success="true" />
      <test-case name="BakedLocalEulerAnglesError" result="Success" executed="true" time="0.11" success="true" />
      <test-case name="ClampTest" result="Success" executed="true" time="0.203" success="true" />
      <test-case name="EvaluateCurves0Keys" result="Success" executed="true" time="0.203" success="true" />
      <test-case name="EvaluateCurves1Keys" result="Success" executed="true" time="0.11" success="true" />
      <test-case name="EvaluateCurves2Keys" result="Success" executed="true" time="0.203" success="true" />
      <test-case name="GetEulerCurves" result="Success" executed="true" time="0.1" success="true" />
      <test-case name="GetSetAnimationCurveProperties" result="Success" executed="true" time="0.419" success="true" />
      <test-case name="GetStoredEulerCurves" result="Success" executed="true" time="0.202" success="true" />
      <test-case name="LinearSegment" result="Success" executed="true" time="0.101" success="true" />
      <test-case name="LoopNegative" result="Success" executed="true" time="0.207" success="true" />
      <test-case name="LoopNegative2" result="Success" executed="true" time="0.203" success="true" />
      <test-case name="LoopTest" result="Success" executed="true" time="0.203" success="true" />
      <test-case name="LoopTestSpecific" result="Success" executed="true" time="0.111" success="true" />
      <test-case name="PingPongTest" result="Success" executed="true" time="0.203" success="true" />
      <test-case name="PingPongTest2" result="Success" executed="true" time="0.203" success="true" />
      <test-case name="SetAnimationClips" result="Success" executed="true" time="0.101" success="true" />
      <test-case name="SetDifferentTimeRanges" result="Success" executed="true" time="0.1" success="true" />
      <test-case name="SteppedTangentCombineVector3" result="Success" executed="true" time="0.314" success="true" />
      <test-case name="SteppedTangents" result="Success" executed="true" time="0.506" success="true" />
      <test-case name="SteppedTangentsQuaternionSyncedKeys" result="Success" executed="true" time="0.304" success="true" />
      <test-case name="SteppedTangentsVector3NonSyncedKeys" result="Success" executed="true" time="0.102" success="true" />
      <test-case name="SteppedTangentsVector3NonSyncedKeysSimple" result="Success" executed="true" time="0.211" success="true" />
      <test-case name="SteppedTangentsVector3SyncedKeys" result="Success" executed="true" time="0.202" success="true" />
      <test-case name="AnimationEventCanAlterTime" result="Success" executed="true" time="0.713" success="true" />
      <test-case name="AnimationEventCanAlterTimeAndReversePlayback" result="Success" executed="true" time="0.415" success="true" />
      <test-case name="AnimationEventCanAlterTimePingPong" result="Success" executed="true" time="0.513" success="true" />
      <test-case name="AnimationEventCanPauseAndContinue1" result="Success" executed="true" time="0.413" success="true" />
      <test-case name="AnimationEventCanPauseAndContinue4" result="Success" executed="true" time="0.506" success="true" />
      <test-case name="AnimationEventCanPauseAndContinuePingPong" result="Success" executed="true" time="0.717" success="true" />
      <test-case name="AnimationEventCanPauseAnimation" result="Success" executed="true" time="0.415" success="true" />
      <test-case name="AnimationEventCanPauseAnimationLoop" result="Success" executed="true" time="0.405" success="true" />
      <test-case name="AnimationEventCanPauseAnimationPingPong" result="Success" executed="true" time="0.405" success="true" />
      <test-case name="AnimationEventCanReversePlayback" result="Success" executed="true" time="0.302" success="true" />
      <test-case name="AnimationEventCanReversePlaybackPingPong" result="Success" executed="true" time="0.611" success="true" />
      <test-case name="AnimationEventCloneKeepRuntimeEvents" result="Success" executed="true" time="0.411" success="true" />
      <test-case name="AnimationEventDestroyingSelfShouldNotCrash" result="Success" executed="true" time="0.406" success="true" />
      <test-case name="AnimationEventStartAndEnd" result="Success" executed="true" time="0.617" success="true" />
      <test-case name="AnimationEventStartAndEndPingPong" result="Success" executed="true" time="1.12" success="true" />
      <test-case name="AnimationEventStartAndEndPingPong2" result="Success" executed="true" time="1.123" success="true" />
      <test-case name="AnimationEventSyncLayer" result="Success" executed="true" time="0.511" success="true" />
      <test-case name="AnimationEventCanPauseAndContinue2" result="Success" executed="true" time="0.405" success="true" />
      <test-case name="AnimationMixingTransforms" result="Success" executed="true" time="0.834" success="true" />
      <test-case name="AnimationOnceSamplesAtEndAndResetsTimeAndGetsDisabled" result="Success" executed="true" time="0.613" success="true" />
      <test-case name="AnimationSampleLastFrame" result="Success" executed="true" time="1.353" success="true" />
      <test-case name="AnimationStateReferenceThatIsDestroyedEqualsNull" result="Success" executed="true" time="0.204" success="true" />
      <test-case name="AnimationCrossFadeQueuedTest" result="Success" executed="true" time="1.141" success="true" />
      <test-case name="AnimationCrossFadeIsSmooth" result="Success" executed="true" time="0.516" success="true" />
      <test-case name="AnimationCrossFadeQueuedPlayNowTest" result="Success" executed="true" time="0.304" success="true" />
      <test-case name="AnimationSetAPI" result="Success" executed="true" time="1.22" success="true" />
      <test-case name="ConstantCurvesAreOptimizedAway" result="Success" executed="true" time="0.513" success="true" />
      <test-case name="GenericCharacterTransformHierarchyOptimized" result="Success" executed="true" time="0.916" success="true" />
      <test-case name="GenericSkeletonCanReadAnimationLayerCountAndInfo" result="Success" executed="true" time="0.411" success="true" />
      <test-case name="AnimatorCallbackExecutionOrder" result="Success" executed="true" time="0.51" success="true" />
      <test-case name="AnimatorCallbackExecutionOrderInPhysicsMode" result="Success" executed="true" time="0.405" success="true" />
      <test-case name="CanControlAnimatorSpeed" result="Success" executed="true" time="0.614" success="true" />
      <test-case name="CanMatchTargetOnEmptyController" result="Success" executed="true" time="0.304" success="true" />
      <test-case name="CanReadAnimatorDeltaPositionWhenModelMoves" result="Success" executed="true" time="0.605" success="true" />
      <test-case name="AnimatorInclusionInManagerList" result="Success" executed="true" time="0.313" success="true" />
      <test-case name="AnimatorRecording" result="Success" executed="true" time="0.606" success="true" />
      <test-case name="CanBlendCurvesInBlendTreeInPhysicsMode" result="Success" executed="true" time="1.032" success="true" />
      <test-case name="CanChangeAnimatorRuntime" result="Success" executed="true" time="0.404" success="true" />
      <test-case name="CanReadBodyPosition" result="Success" executed="true" time="0.915" success="true" />
      <test-case name="CanReadGravityWeight" result="Success" executed="true" time="0.412" success="true" />
      <test-case name="CanReadPivotPosition" result="Success" executed="true" time="0.605" success="true" />
      <test-case name="CanTransitionToStateInSubstateMachine" result="Success" executed="true" time="1.02" success="true" />
      <test-case name="CanBlendCurvesInBlendTree" result="Success" executed="true" time="0.929" success="true" />
      <test-case name="CanBlendToState" result="Success" executed="true" time="0.813" success="true" />
      <test-case name="HumanoidCharacterTransformHierarchyOptimized" result="Success" executed="true" time="0.918" success="true" />
      <test-case name="SyncedLayersAffectTiming" result="Success" executed="true" time="0.41" success="true" />
      <test-case name="SyncedLayerDontAffectTiming" result="Success" executed="true" time="0.403" success="true" />
      <test-case name="TransitionWithMuteAttribute" result="Success" executed="true" time="1.119" success="true" />
      <test-case name="TransitionWithSoloAttribute" result="Success" executed="true" time="1.219" success="true" />
      <test-case name="NoOnAnimatorIKCallbackWhenIKPassIsDisabledInPhysicsMode" result="Success" executed="true" time="0.404" success="true" />
      <test-case name="CanSafelyRestartRecording" result="Success" executed="true" time="0.717" success="true" />
      <test-case name="PlaybackFailsOnEmptyRecording" result="Success" executed="true" time="0.404" success="true" />
      <test-case name="PlaybackFailsOutsidePlaybackMode" result="Success" executed="true" time="0.413" success="true" />
      <test-case name="PlaybackModePausesAvatarMotion" result="Success" executed="true" time="0.605" success="true" />
      <test-case name="RecordingBufferRejectsIncorrectSizeRequests" result="Success" executed="true" time="1.018" success="true" />
      <test-case name="RecordingReturnsCorrectBounds" result="Success" executed="true" time="0.819" success="true" />
      <test-case name="TestMecanimWithLoadLevelAdditive" result="Success" executed="true" time="0.913" success="true" />
      <test-case name="CopyPaste" result="Success" executed="true" time="0.314" success="true" />
      <test-case name="PivotWeigth" result="Success" executed="true" time="0.712" success="true" />
      <test-case name="CanMecanimTriggerEvents" result="Success" executed="true" time="0.505" success="true" />
      <test-case name="CanDisableRootMotion" result="Success" executed="true" time="1.007" success="true" />
      <test-case name="CanMatchTarget" result="Success" executed="true" time="0.706" success="true" />
      <test-case name="CanMatchTargetWithTargetNormalizedTime" result="Success" executed="true" time="1.21" success="true" />
      <test-case name="CanReadAnimationLayerCountAndInfo" result="Success" executed="true" time="0.414" success="true" />
      <test-case name="CanReadAnimationLayerCountAndInfoForNonExistingLayer" result="Success" executed="true" time="0.205" success="true" />
      <test-case name="CanReadHumanScale" result="Success" executed="true" time="0.202" success="true" />
      <test-case name="CanReadParameterControlledByCurve" result="Success" executed="true" time="1.219" success="true" />
      <test-case name="CanSetIKTarget" result="Success" executed="true" time="1.019" success="true" />
      <test-case name="CanSetLookAtTarget" result="Success" executed="true" time="1.009" success="true" />
      <test-case name="CanSetTarget" result="Success" executed="true" time="1.216" success="true" />
      <test-case name="CanTransitionOnBool" result="Success" executed="true" time="0.915" success="true" />
      <test-case name="CanTransitionOnFloat" result="Success" executed="true" time="1.017" success="true" />
      <test-case name="CanTransitionOnInt" result="Success" executed="true" time="0.916" success="true" />
      <test-case name="GetAndSetAnimatorParameterValuesById" result="Success" executed="true" time="0.306" success="true" />
      <test-case name="GetAndSetAnimatorParameterValuesByName" result="Success" executed="true" time="0.312" success="true" />
      <test-case name="GetAndSetNonExistingAnimatorParameterValues" result="Success" executed="true" time="0.539" success="true" />
      <test-case name="GetAndSetNullAnimatorParameterValues" result="Success" executed="true" time="0.204" success="true" />
      <test-case name="NoOnAnimatorIKCallbackWhenIKPassIsDisabled" result="Success" executed="true" time="0.413" success="true" />
      <test-case name="LoadRunningCharacterFromAssetBundle" result="Success" executed="true" time="0.807" success="true" />
      <test-case name="AssetBundleDependencyTest" result="Success" executed="true" time="0.818" success="true" />
      <test-case name="AssetBundleDoesNotIncludeAlwaysIncludedShaders" result="Success" executed="true" time="0.403" success="true" />
      <test-case name="AssetBundleIncludesExtraResources" result="Success" executed="true" time="0.302" success="true" />
      <test-case name="AssetBundleOptionCollectDependencyTest" result="Success" executed="true" time="0.708" success="true" />
      <test-case name="AssetBundleRuntimeCompatibilityCheck" result="Success" executed="true" time="0.305" success="true" />
      <test-case name="ObjectsPositionSavedOnAssetBundleCreation" result="Success" executed="true" time="0.403" success="true" />
      <test-case name="MultipleAssetsTest" result="Success" executed="true" time="0.311" success="true" />
      <test-case name="NamedAssetBundleTest" result="Success" executed="true" time="0.302" success="true" />
      <test-case name="PackageImportWontCrash" result="Success" executed="true" time="0.605" success="true" />
      <test-case name="RegisterCallbackFromAnotherThread" result="Success" executed="true" time="0.203" success="true" />
      <test-case name="RegisterLogCallbackWorks" result="Success" executed="true" time="0.203" success="true" />
      <test-case name="GetComponentGenericWithInvalidArguments" result="Success" executed="true" time="0.204" success="true" />
      <test-case name="GetComponentInChildrenWorks" result="Success" executed="true" time="0.102" success="true" />
      <test-case name="GetComponentReturnsComponentAddedFirst" result="Success" executed="true" time="0.208" success="true" />
      <test-case name="CanDeactivateAndDestroyImmediateGameObjectWithMultipleComponents" result="Success" executed="true" time="0.956" success="true" />
      <test-case name="CanDestroyImmediateOtherGameObjectOnDisable" result="Success" executed="true" time="1.796" success="true" />
      <test-case name="CanDestroyImmediateOwnGameObjectOnAwake" result="Success" executed="true" time="0.846" success="true" />
      <test-case name="CanDestroyImmediateOwnGameObjectOnEnable" result="Success" executed="true" time="0.952" success="true" />
      <test-case name="CanDestroyImmediateOwnGameObjectOnEnableInAddComponent" result="Success" executed="true" time="1.266" success="true" />
      <test-case name="CanDestroyImmediateOwnGameObjectOnStart" result="Success" executed="true" time="1.254" success="true" />
      <test-case name="CanDestroyImmediateOwnGameObjectOnUpdate" result="Success" executed="true" time="1.369" success="true" />
      <test-case name="DestroyImmediateOwnGameObjectOnDeactivateLogsError" result="Success" executed="true" time="1.268" success="true" />
      <test-case name="DestroyImmediateOwnGameObjectOnDestroyLogsError" result="Success" executed="true" time="1.278" success="true" />
      <test-case name="DestroyImmediateOwnGameObjectWithMultipleComponentsOnDeactivateLogsError" result="Success" executed="true" time="2.318" success="true" />
      <test-case name="CanDestroyImmediateOtherMonoBehaviourOnDisable" result="Success" executed="true" time="1.896" success="true" />
      <test-case name="DestroyImmediateOtherOwnComponentOnDestroyLogsError" result="Success" executed="true" time="1.464" success="true" />
      <test-case name="MonoBehaviourCanSelfDestroyImmediateOnAwake" result="Success" executed="true" time="0.74" success="true" />
      <test-case name="MonoBehaviourCanSelfDestroyImmediateOnAwakeInAddComponent" result="Success" executed="true" time="1.05" success="true" />
      <test-case name="MonoBehaviourCanSelfDestroyImmediateOnDisable" result="Success" executed="true" time="1.057" success="true" />
      <test-case name="MonoBehaviourCanSelfDestroyImmediateOnEnableInAddComponent" result="Success" executed="true" time="1.253" success="true" />
      <test-case name="MonoBehaviourCanSelfDestroyImmediateOnStartInEarlyCoroutine" result="Success" executed="true" time="1.47" success="true" />
      <test-case name="MonoBehaviourCanSelfDestroyImmediateOnStartInLateCoroutine" result="Success" executed="true" time="1.585" success="true" />
      <test-case name="MonoBehaviourCanSelfDestroyImmediateOnUpdate" result="Success" executed="true" time="1.474" success="true" />
      <test-case name="MonoBehaviourCanSelfDestroyImmediateOnUpdateWithException" result="Success" executed="true" time="1.577" success="true" />
      <test-case name="MonoBehaviourSelfDestroyImmediateOnDestroyLogsError" result="Success" executed="true" time="1.267" success="true" />
      <test-case name="CanDestroyImmediateScriptableObjectFromMenuItemWithException" result="Success" executed="true" time="0.303" success="true" />
      <test-case name="GameObjectHierarchyIsUnmodifiedDuringDestruction" result="Success" executed="true" time="3.166" success="true" />
      <test-case name="CollectDeepHierarchyOnGameObject" result="Success" executed="true" time="0.304" success="true" />
      <test-case name="CollectDeepHierarchyOnTransform" result="Success" executed="true" time="0.204" success="true" />
      <test-case name="CreateGameObjectWithHideFlags" result="Success" executed="true" time="0.102" success="true" />
      <test-case name="SendMessageOptionsWorks" result="Success" executed="true" time="0.317" success="true" />
      <test-case name="BroadcastMessageWorks" result="Success" executed="true" time="0.208" success="true" />
      <test-case name="DeprecatedGameObjectActiveStateIsInherited" result="Success" executed="true" time="0.312" success="true" />
      <test-case name="SendMessageUpwardsWorks" result="Success" executed="true" time="0.203" success="true" />
      <test-case name="DebugLogErrorTest" result="Success" executed="true" time="0.201" success="true" />
      <test-case name="DebugLogWarningTest" result="Success" executed="true" time="0.109" success="true" />
      <test-case name="DebugLogTest" result="Success" executed="true" time="0.101" success="true" />
      <test-case name="DebugLogExceptionTest" result="Success" executed="true" time="0.202" success="true" />
      <test-case name="DebugLogThreadSafe" result="Success" executed="true" time="0.211" success="true" />
      <test-case name="ExceptionInCoroutineGetsLogged" result="Success" executed="true" time="0.405" success="true" />
      <test-case name="ExceptionInMonoBehaviourGetsLogged" result="Success" executed="true" time="0.207" success="true" />
      <test-case name="DefaultGUISkin" result="Success" executed="true" time="0.405" success="true" />
      <test-case name="CallingEvalInUnityJSWorks" result="Success" executed="true" time="1.018" success="true" />
      <test-case name="CanCatchExceptionAfterDerefencingNullReference" result="Success" executed="true" time="0.203" success="true" />
      <test-case name="ExceptionThrownFromNonMainThreadDoesNotKillProcess" result="Success" executed="true" time="0.203" success="true" />
      <test-case name="ExceptionWhenInitializingStaticVarDoesNotCrash" result="Success" executed="true" time="0.209" success="true" />
      <test-case name="MissingMethodProducesException" result="Success" executed="true" time="0.1" success="true" />
      <test-case name="NotCatchingNullReferenceExceptionDoesntCrash" result="Success" executed="true" time="0.304" success="true" />
      <test-case name="ThrowExceptionFromAwakeDisablesMonoBehaviour" result="Success" executed="true" time="0.204" success="true" />
      <test-case name="ThrowExceptionWhenAssignToUninitializedMultiDimensionalArray" result="Success" executed="true" time="0.203" success="true" />
      <test-case name="ThrowFromFinallyBlock" result="Success" executed="true" time="0.109" success="true" />
      <test-case name="CanReadLocalFilesContainingUTF8" result="Success" executed="true" time="0.404" success="true" />
      <test-case name="WWWTexture2dWorks" result="Success" executed="true" time="0.516" success="true" />
      <test-case name="WWWWorksWithoutYieldWhenUsingIsReadyToPlay" result="Success" executed="true" time="0.304" success="true" />
      <test-case name="OnTriggerEnterWorks" result="Success" executed="true" time="0.509" success="true" />
      <test-case name="CapsuleCastAllInsideSphereWorks" result="Success" executed="true" time="0.515" success="true" />
      <test-case name="CapsuleCastAllInsideCubeWorks" result="Success" executed="true" time="0.416" success="true" />
      <test-case name="CapsuleCastAllInsideCapsuleWorks" result="Success" executed="true" time="0.517" success="true" />
      <test-case name="CapsuleCastAllInsideMeshWorks" result="Success" executed="true" time="0.415" success="true" />
      <test-case name="CapsuleCastInsideSphereWorks" result="Success" executed="true" time="0.405" success="true" />
      <test-case name="CapsuleCastInsideCubeWorks" result="Success" executed="true" time="0.311" success="true" />
      <test-case name="CapsuleCastInsideCapsuleWorks" result="Success" executed="true" time="0.304" success="true" />
      <test-case name="CapsuleCastInsideMeshWorks" result="Success" executed="true" time="0.412" success="true" />
      <test-case name="CapsuleCastOnBigDistancesHitsCapsule" result="Success" executed="true" time="0.202" success="true" />
      <test-case name="CapsuleCastOnBigDistancesHitsCube" result="Success" executed="true" time="0.209" success="true" />
      <test-case name="CapsuleCastOnBigDistancesHitsPlane" result="Success" executed="true" time="0.201" success="true" />
      <test-case name="CapsuleCastOnBigDistancesHitsSphere" result="Success" executed="true" time="0.202" success="true" />
      <test-case name="PhysicsCapsuleCastAllMultipleObjects" result="Success" executed="true" time="0.512" success="true" />
      <test-case name="PhysicsCapsuleCastAllWorks" result="Success" executed="true" time="0.628" success="true" />
      <test-case name="PhysicsCapsuleCastWorks" result="Success" executed="true" time="0.423" success="true" />
      <test-case name="LayerBasedRaycastAllWorks" result="Success" executed="true" time="0.943" success="true" />
      <test-case name="LayerBasedSphereCastAllWorks" result="Success" executed="true" time="0.945" success="true" />
      <test-case name="LayerBasedCapsuleCastAllWorks" result="Success" executed="true" time="0.948" success="true" />
      <test-case name="RaycastAllOnBigDistancesWorks" result="Success" executed="true" time="0.211" success="true" />
      <test-case name="CapsuleCastAllOnBigDistancesWorks" result="Success" executed="true" time="0.305" success="true" />
      <test-case name="PhysicsCheckSphereWorks" result="Success" executed="true" time="0.314" success="true" />
      <test-case name="PhysicsOverlapSphereWithSeveralObjects" result="Success" executed="true" time="0.411" success="true" />
      <test-case name="PhysicsOverlapSphereWorks" result="Success" executed="true" time="0.423" success="true" />
      <test-case name="PhysicsRaycastAllMultipleObjects" result="Success" executed="true" time="0.414" success="true" />
      <test-case name="PhysicsRaycastAllWorks" result="Success" executed="true" time="0.415" success="true" />
      <test-case name="PhysicsSphereCastAllMultipleObjects" result="Success" executed="true" time="0.52" success="true" />
      <test-case name="PhysicsSphereCastAllWorks" result="Success" executed="true" time="0.628" success="true" />
      <test-case name="RaycastAllInsideSphereWorks" result="Success" executed="true" time="0.417" success="true" />
      <test-case name="RaycastAllInsideCubeWorks" result="Success" executed="true" time="0.518" success="true" />
      <test-case name="RaycastAllInsideCapsuleWorks" result="Success" executed="true" time="0.412" success="true" />
      <test-case name="RaycastAllInsideMeshWorks" result="Success" executed="true" time="0.514" success="true" />
      <test-case name="RaycastInsideSphereWorks" result="Success" executed="true" time="0.304" success="true" />
      <test-case name="RaycastInsideCubeWorks" result="Success" executed="true" time="0.311" success="true" />
      <test-case name="RaycastInsideCapsuleWorks" result="Success" executed="true" time="0.403" success="true" />
      <test-case name="RaycastInsideMeshWorks" result="Success" executed="true" time="0.412" success="true" />
      <test-case name="RaycastOnBigDistancesHitsCapsule" result="Success" executed="true" time="0.304" success="true" />
      <test-case name="RaycastOnBigDistancesHitsCube" result="Success" executed="true" time="0.101" success="true" />
      <test-case name="RaycastOnBigDistancesHitsPlane" result="Success" executed="true" time="0.211" success="true" />
      <test-case name="RaycastOnBigDistancesHitsSphere" result="Success" executed="true" time="0.201" success="true" />
      <test-case name="SphereCastAllInsideCubeWorks" result="Success" executed="true" time="0.414" success="true" />
      <test-case name="SphereCastAllInsideCapsuleWorks" result="Success" executed="true" time="0.424" success="true" />
      <test-case name="SphereCastAllInsideMeshWorks" result="Success" executed="true" time="0.515" success="true" />
      <test-case name="SphereCastInsideCubeWorks" result="Success" executed="true" time="0.303" success="true" />
      <test-case name="SphereCastInsideCapsuleWorks" result="Success" executed="true" time="0.413" success="true" />
      <test-case name="SphereCastInsideMeshWorks" result="Success" executed="true" time="0.406" success="true" />
      <test-case name="SphereCastOnBigDistancesHitsCapsule" result="Success" executed="true" time="0.21" success="true" />
      <test-case name="SphereCastOnBigDistancesHitsCube" result="Success" executed="true" time="0.202" success="true" />
      <test-case name="SphereCastOnBigDistancesHitsPlane" result="Success" executed="true" time="0.202" success="true" />
      <test-case name="CCDWorksAfterObjectScaleChangedBoxContinuous" result="Success" executed="true" time="0.309" success="true" />
      <test-case name="CCDWorksAfterObjectScaleChangedBoxDynamic" result="Success" executed="true" time="0.303" success="true" />
      <test-case name="CCDWorksAfterObjectScaleChangedSphereContinuous" result="Success" executed="true" time="0.411" success="true" />
      <test-case name="CCDWorksAfterObjectScaleChangedSphereDynamic" result="Success" executed="true" time="0.405" success="true" />
      <test-case name="CCDWorksAfterObjectScaleChangedCapsuleContinuous" result="Success" executed="true" time="0.416" success="true" />
      <test-case name="CCDWorksAfterObjectScaleChangedCapsuleDynamic" result="Success" executed="true" time="0.405" success="true" />
      <test-case name="CollisionWithMeshColliderCCDWorksBoxColliderContinuous" result="Success" executed="true" time="0.312" success="true" />
      <test-case name="CollisionWithMeshColliderCCDWorksBoxColliderDynamic" result="Success" executed="true" time="0.405" success="true" />
      <test-case name="CollisionWithMeshColliderCCDWorksSphereColliderContinuous" result="Success" executed="true" time="0.413" success="true" />
      <test-case name="CollisionWithMeshColliderCCDWorksSphereColliderDynamic" result="Success" executed="true" time="0.405" success="true" />
      <test-case name="CollisionWithMeshColliderCCDWorksCapsuleColliderContinuous" result="Success" executed="true" time="0.302" success="true" />
      <test-case name="CollisionWithMeshColliderCCDWorksCapsuleColliderDynamic" result="Success" executed="true" time="0.413" success="true" />
      <test-case name="CharacterControllerCeilingBounceWorks" result="Success" executed="true" time="1.007" success="true" />
      <test-case name="CharacterControllerGetsCorrectCollisionHits" result="Success" executed="true" time="1.318" success="true" />
      <test-case name="CharacterControllerSlidesAgainstWallWithCorrectSpeed" result="Success" executed="true" time="0.907" success="true" />
      <test-case name="HandleUtilityRaySnapWorking" result="Success" executed="true" time="0.513" success="true" />
      <test-case name="CanAddMoreThanOneCollider" result="Success" executed="true" time="0.413" success="true" />
      <test-case name="CanAddMoreThanOneColliderOfTheSameType" result="Success" executed="true" time="0.73" success="true" />
      <test-case name="ColliderMovesWithRigidbody" result="Success" executed="true" time="0.614" success="true" />
      <test-case name="ColliderMovesWithObject" result="Success" executed="true" time="0.737" success="true" />
      <test-case name="CollisionCreatedWithZeroTimeScaleWorks" result="Success" executed="true" time="0.404" success="true" />
      <test-case name="DislocatedBoxColliderMovesWithRigidbody" result="Success" executed="true" time="0.411" success="true" />
      <test-case name="DislocatedSphereColliderMovesWithRigidbody" result="Success" executed="true" time="0.405" success="true" />
      <test-case name="DislocatedCapsuleColliderMovesWithRigidbody" result="Success" executed="true" time="0.514" success="true" />
      <test-case name="DislocatedWheelColliderMovesWithRigidbody" result="Success" executed="true" time="0.304" success="true" />
      <test-case name="MultipleCollidersForRigidbodyDetectedAsCompoundCollider" result="Success" executed="true" time="0.415" success="true" />
      <test-case name="ObjectWithMultipleCollidersAllCollidersDetected" result="Success" executed="true" time="0.305" success="true" />
      <test-case name="OnCollisionEnterRisedForObjectWithMultipleColliders" result="Success" executed="true" time="0.409" success="true" />
      <test-case name="DislocatedBoxColliderMovesWithObject" result="Success" executed="true" time="0.415" success="true" />
      <test-case name="DislocatedSphereColliderMovesWithObject" result="Success" executed="true" time="0.516" success="true" />
      <test-case name="DislocatedCapsuleColliderMovesWithObject" result="Success" executed="true" time="0.509" success="true" />
      <test-case name="DislocatedWheelColliderMovesWithObject" result="Success" executed="true" time="0.408" success="true" />
      <test-case name="CharacterJointTest" result="Success" executed="true" time="0.408" success="true" />
      <test-case name="FixedJointTest" result="Success" executed="true" time="0.404" success="true" />
      <test-case name="HingeJointTest" result="Success" executed="true" time="0.414" success="true" />
      <test-case name="SpringJointTest" result="Success" executed="true" time="0.302" success="true" />
      <test-case name="BouncinessCombineModeAverageStationaryObjectBouncinessGreaterTest" result="Success" executed="true" time="0.404" success="true" />
      <test-case name="BouncinessCombineModeAverageObjectsBouncinessEqualTest" result="Success" executed="true" time="0.412" success="true" />
      <test-case name="BouncinessCombineModeAverageStationaryObjectBouncinessSmallerTest" result="Success" executed="true" time="0.403" success="true" />
      <test-case name="BouncinessCombineModeMaximumStationaryObjectBouncinessGreaterTest" result="Success" executed="true" time="0.302" success="true" />
      <test-case name="BouncinessCombineModeMaximumObjectsBouncinessEqualTest" result="Success" executed="true" time="0.309" success="true" />
      <test-case name="BouncinessCombineModeMaximumStationaryObjectBouncinessSmallerTest" result="Success" executed="true" time="0.303" success="true" />
      <test-case name="BouncinessCombineModeMinimumStationaryObjectBouncinessGreaterTest" result="Success" executed="true" time="0.403" success="true" />
      <test-case name="BouncinessCombineModeMinimumObjectsBouncinessEqualTest" result="Success" executed="true" time="0.403" success="true" />
      <test-case name="BouncinessCombineModeMinimumStationaryObjectBouncinessSmallerTest" result="Success" executed="true" time="0.302" success="true" />
      <test-case name="BouncinessCombineModeMultiplyStationaryObjectBouncinessGreaterTest" result="Success" executed="true" time="0.303" success="true" />
      <test-case name="BouncinessCombineModeMultiplyObjectsBouncinessEqualTest" result="Success" executed="true" time="0.303" success="true" />
      <test-case name="BouncinessCombineModeMultiplyStationaryObjectBouncinessSmallerTest" result="Success" executed="true" time="0.311" success="true" />
      <test-case name="DynamicFrictionCombineModeAverageStationaryObjectFrictionGreaterTest" result="Success" executed="true" time="0.617" success="true" />
      <test-case name="DynamicFrictionCombineModeAverageObjectsFrictionsEqualTest" result="Success" executed="true" time="1.156" success="true" />
      <test-case name="DynamicFrictionCombineModeAverageStationaryObjectFrictionSmallerTest" result="Success" executed="true" time="0.62" success="true" />
      <test-case name="DynamicFrictionCombineModeMaximumStationaryObjectFrictionGreaterTest" result="Success" executed="true" time="1.157" success="true" />
      <test-case name="DynamicFrictionCombineModeMaximumObjectsFrictionsEqualTest" result="Success" executed="true" time="1.057" success="true" />
      <test-case name="DynamicFrictionCombineModeMaximumStationaryObjectFrictionSmallerTest" result="Success" executed="true" time="0.941" success="true" />
      <test-case name="DynamicFrictionCombineModeMinimumStationaryObjectFrictionGreaterTest" result="Success" executed="true" time="0.953" success="true" />
      <test-case name="DynamicFrictionCombineModeMinimumObjectsFrictionsEqualTest" result="Success" executed="true" time="1.152" success="true" />
      <test-case name="DynamicFrictionCombineModeMinimumStationaryObjectFrictionSmallerTest" result="Success" executed="true" time="1.157" success="true" />
      <test-case name="DynamicFrictionCombineModeMultiplyStationaryObjectFrictionGreaterTest" result="Success" executed="true" time="0.612" success="true" />
      <test-case name="DynamicFrictionCombineModeMultiplyObjectsFrictionsEqualTest" result="Success" executed="true" time="0.726" success="true" />
      <test-case name="DynamicFrictionCombineModeMultiplyStationaryObjectFrictionSmallerTest" result="Success" executed="true" time="0.837" success="true" />
      <test-case name="PhysicMaterialConstructorsWork" result="Success" executed="true" time="0.201" success="true" />
      <test-case name="PhysicMaterialNamePropertyCanBeChanged" result="Success" executed="true" time="0.202" success="true" />
      <test-case name="PhysicMaterialHideFlagsPropertyCanBeChanged" result="Success" executed="true" time="0.204" success="true" />
      <test-case name="PhysicMaterialBouncinessPropertyCanBeChanged" result="Success" executed="true" time="0.208" success="true" />
      <test-case name="PhysicMaterialDynamicFrictionPropertyCanBeChanged" result="Success" executed="true" time="0.203" success="true" />
      <test-case name="PhysicMaterialDynamicFriction2PropertyCanBeChanged" result="Success" executed="true" time="0.102" success="true" />
      <test-case name="PhysicMaterialStaticFrictionPropertyCanBeChanged" result="Success" executed="true" time="0.212" success="true" />
      <test-case name="PhysicMaterialStaticFriction2PropertyCanBeChanged" result="Success" executed="true" time="0.203" success="true" />
      <test-case name="PhysicMaterialBounceCombinePropertyCanBeChanged" result="Success" executed="true" time="0.108" success="true" />
      <test-case name="PhysicMaterialFrictionCombinePropertyCanBeChanged" result="Success" executed="true" time="0.102" success="true" />
      <test-case name="PhysicMaterialFrictionDirection2PropertyCanBeChanged" result="Success" executed="true" time="0.203" success="true" />
      <test-case name="FindObjectsOfTypeAllWithGenericArgumentProducesError" result="Success" executed="true" time="0.211" success="true" />
      <test-case name="GameObjectActiveStateIsInherited" result="Success" executed="true" time="0.203" success="true" />
      <test-case name="GameObjectActiveStateUpdatesOnReparenting" result="Success" executed="true" time="0.213" success="true" />
      <test-case name="InactiveParentGivesWarningOnUpdate" result="Success" executed="true" time="0.402" success="true" />
      <test-case name="CanSpawnManyThreads" result="Success" executed="true" time="0.815" success="true" />
      <test-case name="PhysicsLinecastWorks" result="Success" executed="true" time="0.415" success="true" />
      <test-case name="PhysicsSphereCastWorks" result="Success" executed="true" time="0.514" success="true" />
      <test-case name="KinematicCompoundRigidbodyMovePositionWorks" result="Success" executed="true" time="0.303" success="true" />
      <test-case name="PhysicsCheckCapsuleWorks" result="Success" executed="true" time="0.315" success="true" />
      <test-case name="RigidBodyAddForceDoesNotAffectKinematicObjects" result="Success" executed="true" time="0.515" success="true" />
      <test-case name="RigidBodyAddForceDefaultDoesNotAffectKinematicObjects" result="Success" executed="true" time="0.312" success="true" />
      <test-case name="RigidBodyAddForceWorks" result="Success" executed="true" time="0.513" success="true" />
      <test-case name="RigidBodyAddForceDefaultWorks" result="Success" executed="true" time="0.304" success="true" />
      <test-case name="CanDestroyImmediateOwnGameObjectOnAwakeInAddComponent" result="Success" executed="true" time="1.05" success="true" />
      <test-case name="DestroyImmediateOwnGameObjectOnDisableLogsError" result="Success" executed="true" time="1.271" success="true" />
      <test-case name="NoCallbacksOnDestroyImmediateInactiveGameObject" result="Success" executed="true" time="0.327" success="true" />
      <test-case name="MonoBehaviourCanSelfDestroyImmediateOnEnable" result="Success" executed="true" time="1.048" success="true" />
      <test-case name="MonoBehaviourCanSelfDestroyImmediateOnStart" result="Success" executed="true" time="1.356" success="true" />
      <test-case name="CanDestroyImmediateOtherScriptableObjectOnDisable" result="Success" executed="true" time="1.564" success="true" />
      <test-case name="DestroyImmediateOwnScriptableObjectOnDisableLogsError" result="Success" executed="true" time="1.257" success="true" />
      <test-case name="CanDestroyImmediateChildGameObjectDuringOnDestroyOfParent" result="Success" executed="true" time="1.787" success="true" />
      <test-case name="CanSetParentDuringOnDestroyOfOwnTransform" result="Success" executed="true" time="1.803" success="true" />
      <test-case name="DestroyImmediateOwnTransformComponentLogsError" result="Success" executed="true" time="1.467" success="true" />
      <test-case name="CompoundAssingmentOfRefObjectsDoesNotThrowVerificationException" result="Success" executed="true" time="0.202" success="true" />
      <test-case name="RigidBodyAddTorqueDoesNotAffectKinematicObjects" result="Success" executed="true" time="0.517" success="true" />
      <test-case name="RigidBodyAddTorqueDefaultDoesNotAffectKinematicObjects" result="Success" executed="true" time="0.311" success="true" />
      <test-case name="RigidBodyAddTorqueWorks" result="Success" executed="true" time="0.514" success="true" />
      <test-case name="RigidBodyAddTorqueDefaultWorks" result="Success" executed="true" time="0.303" success="true" />
      <test-case name="RigidBodyDetectCollisionsWorks" result="Success" executed="true" time="0.403" success="true" />
      <test-case name="RigidBodyDetectCollisionsActivatedWorks" result="Success" executed="true" time="0.311" success="true" />
      <test-case name="RigidBodyMovedByFastMovingObjects" result="Success" executed="true" time="0.305" success="true" />
      <test-case name="RigidBodyOnCollisionEnterWorks" result="Success" executed="true" time="0.301" success="true" />
      <test-case name="RigidBodyOnCollisionEnterForOneKinematicWorks" result="Success" executed="true" time="0.411" success="true" />
      <test-case name="RigidBodyOnCollisionEnterForBothKinematicNotInvoked" result="Success" executed="true" time="0.404" success="true" />
      <test-case name="RigidBodyOnCollisionExitWorks" result="Success" executed="true" time="0.403" success="true" />
      <test-case name="RigidBodyOnCollisionExitForOneKinematicWorks" result="Success" executed="true" time="0.311" success="true" />
      <test-case name="RigidBodyOnCollisionExitForBothKinematicNotInvoked" result="Success" executed="true" time="0.504" success="true" />
      <test-case name="RigidBodyOnCollisionStayWorks" result="Success" executed="true" time="0.302" success="true" />
      <test-case name="RigidBodyOnCollisionStayForOneKinematicWorks" result="Success" executed="true" time="0.203" success="true" />
      <test-case name="RigidBodyOnCollisionStayForBothKinematicNotInvoked" result="Success" executed="true" time="0.412" success="true" />
      <test-case name="RigidBodySleepWorks" result="Success" executed="true" time="0.404" success="true" />
      <test-case name="RigidBodyWakeUpWorks" result="Success" executed="true" time="0.611" success="true" />
      <test-case name="RigidbodyUseGravityWorks" result="Success" executed="true" time="0.404" success="true" />
      <test-case name="RigidbodyUseGravitySwitchedOffWorks" result="Success" executed="true" time="0.312" success="true" />
      <test-case name="RigidbodyUseGravityWorksForKinematicObject" result="Success" executed="true" time="0.305" success="true" />
      <test-case name="CameraAllCamerasCount" result="Success" executed="true" time="0.211" success="true" />
      <test-case name="CameraGetAllCameras" result="Success" executed="true" time="0.417" success="true" />
      <test-case name="CameraGetAllCamerasExceptions" result="Success" executed="true" time="0.305" success="true" />
      <test-case name="CameraGetAllCamerasWithLargerArray" result="Success" executed="true" time="0.417" success="true" />
      <test-case name="DisplayMainWorks" result="Success" executed="true" time="0.203" success="true" />
      <test-case name="BlendShapesIndexBoundsBasicTest" result="Success" executed="true" time="0.211" success="true" />
      <test-case name="TextMeshWontCrash" result="Success" executed="true" time="0.203" success="true" />
      <test-case name="ParticleSystemAxisOfRotation" result="Success" executed="true" time="0.304" success="true" />
      <test-case name="ParticleSystemSimulationSpace" result="Success" executed="true" time="0.31" success="true" />
      <test-case name="Texture2DLoadImageWontCrash" result="Success" executed="true" time="0.201" success="true" />
      <test-case name="Texture2DLoadRawTextureDataWorks" result="Success" executed="true" time="0.203" success="true" />
      <test-case name="TextureWithZeroSideWontCrash" result="Success" executed="true" time="0.111" success="true" />
      <test-case name="CanAddComponentWithNameInputManager" result="Success" executed="true" time="0.202" success="true" />
      <test-case name="SelfDependencyDoesNotCauseInfiniteLoop" result="Success" executed="true" time="0.202" success="true" />
      <test-case name="CyclicDependencyDoesNotCauseInfiniteLoop" result="Success" executed="true" time="0.202" success="true" />
      <test-case name="AutomaticFloatToIntConversionWorks" result="Success" executed="true" time="0.102" success="true" />
      <test-case name="CanAssignToThisInStruct" result="Success" executed="true" time="0.203" success="true" />
      <test-case name="CanChainLambdas" result="Success" executed="true" time="0.202" success="true" />
      <test-case name="AddComponentGenericNotCrash" result="Success" executed="true" time="0.203" success="true" />
      <test-case name="CanAddComponentGeneric" result="Success" executed="true" time="0.202" success="true" />
      <test-case name="CopyPasteComponentAsNewWorks" result="Success" executed="true" time="0.11" success="true" />
      <test-case name="CopyPasteComponentValueWorks" result="Success" executed="true" time="0.202" success="true" />
      <test-case name="CopyPasteCoupledComponentAsNewWorks" result="Success" executed="true" time="0.203" success="true" />
      <test-case name="CopyPasteCoupledComponentValueWorks" result="Success" executed="true" time="0.31" success="true" />
      <test-case name="GetComponentsByTypeGeneric" result="Success" executed="true" time="0.204" success="true" />
      <test-case name="GetComponentsInChildrenInactive" result="Success" executed="true" time="0.313" success="true" />
      <test-case name="CompareTagWorks" result="Success" executed="true" time="0.203" success="true" />
      <test-case name="InstantiateNotActivatesGameObject" result="Success" executed="true" time="0.211" success="true" />
      <test-case name="TransformHasChanged" result="Success" executed="true" time="0.204" success="true" />
      <test-case name="SystemInfoDeviceTypeTest" result="Success" executed="true" time="0.211" success="true" />
      <test-case name="AnimEventsCanBeLoadedFromAssetBundle" result="Success" executed="true" time="0.304" success="true" />
      <test-case name="CanEvaluateAnimationCurve" result="Success" executed="true" time="0.212" success="true" />
      <test-case name="MaterialAnimationSampleIndex" result="Success" executed="true" time="0.305" success="true" />
      <test-case name="MaterialAnimationSampleIndexImplicit" result="Success" executed="true" time="0.309" success="true" />
      <test-case name="MaterialAnimationSampleOutOfBounds" result="Success" executed="true" time="0.203" success="true" />
      <test-case name="InstantiateNonReadableTexture" result="Success" executed="true" time="0.203" success="true" />
      <test-case name="PlaymodeInteraction" result="Success" executed="true" time="0.21" success="true" />
      <test-case name="InstantiatePrefabAsScriptAtribute" result="Success" executed="true" time="0.101" success="true" />
      <test-case name="AudioClipCreate" result="Success" executed="true" time="0.102" success="true" />
      <test-case name="AudioClipGetSetData" result="Success" executed="true" time="1.146" success="true" />
      <test-case name="CanCaptureCompressedInMemory" result="Success" executed="true" time="0.203" success="true" />
      <test-case name="CanCaptureDecompressOnLoad" result="Success" executed="true" time="0.202" success="true" />
      <test-case name="CanCaptureStreamFromDisk" result="Success" executed="true" time="0.304" success="true" />
      <test-case name="DestroyImmediateAfterAudioPlayWorks" result="Success" executed="true" time="0.312" success="true" />
      <test-case name="DisabledAudioSource" result="Success" executed="true" time="0.203" success="true" />
      <test-case name="LinearRolloff" result="Success" executed="true" time="8.576" success="true" />
      <test-case name="LogarithmicRolloff" result="Success" executed="true" time="8.681" success="true" />
      <test-case name="PlayAudioAtSpecificTime" result="Success" executed="true" time="0.407" success="true" />
      <test-case name="PlayAudioAfterReload" result="Success" executed="true" time="5.455" success="true" />
      <test-case name="CanReadFromReferencedTextAsset" result="Success" executed="true" time="0.21" success="true" />
      <test-case name="ReloadingInactiveAudioFiltersFromSpeakermodeChangedShouldNotCrash" result="Success" executed="true" time="0.607" success="true" />
      <test-case name="SoundCaching" result="Success" executed="true" time="1.312" success="true" />
      <test-case name="TestOutputDataReturnsNonZeroesWhenPlayingSquareSine" result="Success" executed="true" time="0.706" success="true" />
      <test-case name="TestOutputDataReturnsZeroesWhenPlayingNothing" result="Success" executed="true" time="0.203" success="true" />
      <test-case name="TestOutputDataReturnsZeroesWhenPlayingSilence" result="Success" executed="true" time="0.707" success="true" />
      <test-case name="TestSpectrumDataReturnsCorrectFrequencyWhenPlaying440hzSine" result="Success" executed="true" time="0.808" success="true" />
      <test-case name="CheckTest" result="Success" executed="true" time="1.848" success="true" />
      <test-case name="FakeWebServerFetchUrl" result="Success" executed="true" time="0.304" success="true" />
      <test-case name="LoadAssemblyFromMemoryStreamAndAddAsComponent" result="Success" executed="true" time="0.414" success="true" />
      <test-case name="GarbageCollectionDuringAssetCreationDoesntCrash" result="Success" executed="true" time="1.712" success="true" />
      <test-case name="UnloadBigArray" result="Success" executed="true" time="1.62" success="true" />
      <test-case name="UnloadCircularReferences" result="Success" executed="true" time="0.706" success="true" />
      <test-case name="UnloadReferenceInCoroutine" result="Success" executed="true" time="0.816" success="true" />
      <test-case name="UnloadReferenceInGenericClass" result="Success" executed="true" time="1.319" success="true" />
      <test-case name="UnloadReferenceInMonobehaviour" result="Success" executed="true" time="1.12" success="true" />
      <test-case name="UnloadReferenceInNestedStruct" result="Success" executed="true" time="1.008" success="true" />
      <test-case name="UnloadReferenceToGameObject" result="Success" executed="true" time="0.715" success="true" />
      <test-case name="UnloadReferenceToMeshFromCoroutine" result="Success" executed="true" time="0.605" success="true" />
      <test-case name="UnloadReferenceToPrefabInMonobehaviour" result="Success" executed="true" time="0.719" success="true" />
      <test-case name="UnloadReferenceToStructArray" result="Success" executed="true" time="0.918" success="true" />
      <test-case name="UnloadReferenceToStructWithArray" result="Success" executed="true" time="1.021" success="true" />
      <test-case name="UnloadReferenceToTexture2D" result="Success" executed="true" time="0.706" success="true" />
      <test-case name="UnloadReferenceToGUISkin" result="Success" executed="true" time="0.704" success="true" />
      <test-case name="UnloadRendererWithMaterialThatReferencesTexture" result="Success" executed="true" time="0.821" success="true" />
      <test-case name="UnloadStaticReferenceInClass" result="Success" executed="true" time="1.019" success="true" />
      <test-case name="UnloadStaticReferenceInMonobehaviour" result="Success" executed="true" time="0.607" success="true" />
      <test-case name="UnloadStaticReferenceInStruct" result="Success" executed="true" time="1.021" success="true" />
      <test-case name="UnloadStaticReferenceToArray" result="Success" executed="true" time="1.425" success="true" />
      <test-case name="UnloadStaticReferenceToGameObject" result="Success" executed="true" time="0.612" success="true" />
      <test-case name="UnloadStaticReferenceToTexture2D" result="Success" executed="true" time="0.707" success="true" />
      <test-case name="DictionaryContainsValueWorksWithNull" result="Success" executed="true" time="0.202" success="true" />
      <test-case name="RaycastImmediateUpdate" result="Success" executed="true" time="0.415" success="true" />
      <test-case name="ParticleSystemInstantiateNotCrash" result="Success" executed="true" time="0.312" success="true" />
      <test-case name="AngularVelocitySet" result="Success" executed="true" time="0.303" success="true" />
      <test-case name="ParticleSystemClearWithChildren" result="Success" executed="true" time="0.202" success="true" />
      <test-case name="ParticleSystemSimulateThirdSignature" result="Success" executed="true" time="0.204" success="true" />
      <test-case name="ParticleSystemStartSpeed" result="Success" executed="true" time="0.404" success="true" />
      <test-case name="CanImplementExplicitInterfaces" result="Success" executed="true" time="0.209" success="true" />
      <test-case name="CanPassRefAndOutParameters" result="Success" executed="true" time="0.203" success="true" />
      <test-case name="CanUseAnonymousTypes" result="Success" executed="true" time="0.204" success="true" />
      <test-case name="Texture2DCompress" result="Success" executed="true" time="0.211" success="true" />
      <test-case name="Texture2DGetPixelBilinear" result="Success" executed="true" time="0.203" success="true" />
      <test-case name="Texture2DGetPixels32" result="Success" executed="true" time="0.211" success="true" />
      <test-case name="CanUseRequiredComponentAttribute" result="Success" executed="true" time="0.203" success="true" />
      <test-case name="CanUseAtPrefix" result="Success" executed="true" time="0.102" success="true" />
      <test-case name="CanUseExplicitConversion" result="Success" executed="true" time="0.202" success="true" />
      <test-case name="CanUseImplicitConversion" result="Success" executed="true" time="0.203" success="true" />
      <test-case name="CanUseOperatorOverloading" result="Success" executed="true" time="0.203" success="true" />
      <test-case name="CanUseUnions" result="Success" executed="true" time="0.211" success="true" />
      <test-case name="CanUseVolatileField" result="Success" executed="true" time="0.103" success="true" />
      <test-case name="ClosureCapturesIterationVariables" result="Success" executed="true" time="0.316" success="true" />
      <test-case name="EditorWontCrashWhenOpenCustomWindow" result="Success" executed="true" time="0.203" success="true" />
      <test-case name="InvokeMethodOnNonExistingComponentThrowsMissingComponentException" result="Success" executed="true" time="0.212" success="true" />
      <test-case name="InvokingMethodOnDeserializedNullFieldGivesProperError" result="Success" executed="true" time="0.202" success="true" />
      <test-case name="RandomRangeFromOtherThread" result="Success" executed="true" time="0.203" success="true" />
      <test-case name="CanCreateMonoBehaviourInNamespace" result="Success" executed="true" time="0.212" success="true" />
      <test-case name="CreatingBasicAssetsFromMenuItemDoesNotCrash" result="Success" executed="true" time="1.623" success="true" />
      <test-case name="DelegateNullTargetThrowsException" result="Success" executed="true" time="0.202" success="true" />
      <test-case name="FromScriptableObjectWorks" result="Success" executed="true" time="0.203" success="true" />
      <test-case name="HashFunctionsWorks" result="Success" executed="true" time="0.209" success="true" />
      <test-case name="ApproximallyMatchesExpectations" result="Success" executed="true" time="1.488" success="true" />
      <test-case name="ClosestPowerOfTwo" result="Success" executed="true" time="0.315" success="true" />
      <test-case name="ColorIsEqualToIdenticallyCreatedColor" result="Success" executed="true" time="0.202" success="true" />
      <test-case name="ConvertDoubleToStringNumberShouldBeSame" result="Success" executed="true" time="0.204" success="true" />
      <test-case name="GammaLinearConversionWorks" result="Success" executed="true" time="0.204" success="true" />
      <test-case name="LerpMatchesExpectations" result="Success" executed="true" time="0.427" success="true" />
      <test-case name="MinAndMaxMatchExpectations" result="Success" executed="true" time="0.417" success="true" />
      <test-case name="MoveTowardsMatchesExpectations" result="Success" executed="true" time="0.415" success="true" />
      <test-case name="RotateTowardsMatchesExpectations" result="Success" executed="true" time="0.418" success="true" />
      <test-case name="SimpleMathTest" result="Success" executed="true" time="0.211" success="true" />
      <test-case name="SmoothDampMatchesExpectations" result="Success" executed="true" time="0.203" success="true" />
      <test-case name="SmoothStepWorks" result="Success" executed="true" time="0.101" success="true" />
      <test-case name="UnityCeilWorksJustLikeMonoCeil" result="Success" executed="true" time="0.108" success="true" />
      <test-case name="Vector2Tests" result="Success" executed="true" time="0.415" success="true" />
      <test-case name="Vector3Tests" result="Success" executed="true" time="0.632" success="true" />
      <test-case name="Vector4IsEqualToIdenticallyCreatedVector4" result="Success" executed="true" time="0.209" success="true" />
      <test-case name="Vector4Tests" result="Success" executed="true" time="0.628" success="true" />
      <test-case name="MenuItemCreatedFromBooWorks" result="Success" executed="true" time="0.102" success="true" />
      <test-case name="MenuItemWorksInNonEditorScript" result="Success" executed="true" time="0.202" success="true" />
      <test-case name="MonoBehaviourPrivateInheritedMethodInReflectionWorks" result="Success" executed="true" time="0.211" success="true" />
      <test-case name="AwakeCanAdjustHierarchy" result="Success" executed="true" time="0.101" success="true" />
      <test-case name="AwakeStartAndFriendsGetCalled" result="Success" executed="true" time="0.414" success="true" />
      <test-case name="CanReceiveUnityMessage" result="Success" executed="true" time="0.102" success="true" />
      <test-case name="CanDestroyMonoBehaviour" result="Success" executed="true" time="0.304" success="true" />
      <test-case name="CanLockMonobehaviour" result="Success" executed="true" time="0.211" success="true" />
      <test-case name="CanUseCheckedAndUnchecked" result="Success" executed="true" time="0.203" success="true" />
      <test-case name="CanUseGoToInMonobehaviour" result="Success" executed="true" time="0.101" success="true" />
      <test-case name="InheritanceAndCasting" result="Success" executed="true" time="0.319" success="true" />
      <test-case name="InvokeIntoBaseClassWorks" result="Success" executed="true" time="0.302" success="true" />
      <test-case name="InvokeWorks" result="Success" executed="true" time="0.403" success="true" />
      <test-case name="MethodOverloadWorks" result="Success" executed="true" time="0.203" success="true" />
      <test-case name="MissingMonoBehaviourWarning" result="Success" executed="true" time="0.405" success="true" />
      <test-case name="BitwiseOperatorsOnNullableTypes" result="Success" executed="true" time="0.203" success="true" />
      <test-case name="RuntimeTestWithASingleCoroutine" result="Success" executed="true" time="0.412" success="true" />
      <test-case name="ScriptableObjectCreateInstanceWorks" result="Success" executed="true" time="0.303" success="true" />
      <test-case name="BoxingAndUnboxingOfNullableTypes" result="Success" executed="true" time="0.209" success="true" />
      <test-case name="OperatorLiftingOnNullableTypes" result="Success" executed="true" time="0.203" success="true" />
      <test-case name="OnValidateCalledProperlyInEditor" result="Success" executed="true" time="0.304" success="true" />
      <test-case name="CoroutineAsyncStopAll" result="Success" executed="true" time="0.409" success="true" />
      <test-case name="CSharpCoroutineWithSendMessage" result="Success" executed="true" time="0.516" success="true" />
      <test-case name="CSharpCoroutineWithYield" result="Success" executed="true" time="0.405" success="true" />
      <test-case name="OutOfMemoryIsThrown" result="Success" executed="true" time="0.301" success="true" />
      <test-case name="MonoFloatParseWorksAsExpected" result="Success" executed="true" time="0.212" success="true" />
      <test-case name="MonoObjectFailsWhenDestroyed" result="Success" executed="true" time="0.304" success="true" />
      <test-case name="UnloadAssetWorks" result="Success" executed="true" time="0.302" success="true" />
      <test-case name="CanConvertFloatToStringUsingFormat" result="Success" executed="true" time="0.202" success="true" />
      <test-case name="CachingWorks" result="Success" executed="true" time="0.209" success="true" />
      <test-case name="RigidBodyDisallowNonfiniteValues" result="Success" executed="true" time="0.306" success="true" />
      <test-case name="CloningDynamicFontThrowsError" result="Success" executed="true" time="0.209" success="true" />
      <test-case name="TransformDisallowNonfiniteValuesPosition" result="Success" executed="true" time="0.202" success="true" />
      <test-case name="TransformDisallowNonfiniteValuesRotation" result="Success" executed="true" time="0.212" success="true" />
      <test-case name="PerMaterialKeywordsWorks" result="Success" executed="true" time="0.305" success="true" />
      <test-case name="OnTriggerEnterWithCharacterControllerWorks" result="Success" executed="true" time="0.411" success="true" />
      <test-case name="OnTriggerEnterWithIntersectedObjectsWorks" result="Success" executed="true" time="0.404" success="true" />
      <test-case name="CharacterControllerIgnoreCollisionWorks" result="Success" executed="true" time="0.807" success="true" />
      <test-case name="CharacterControllerMove" result="Success" executed="true" time="0.512" success="true" />
      <test-case name="CharacterControllerStepOffsetWorks" result="Success" executed="true" time="0.908" success="true" />
      <test-case name="RayCastUpDownWorks" result="Success" executed="true" time="0.409" success="true" />
      <test-case name="KinematicChildRigidbodyMovesWhenParentMoves" result="Success" executed="true" time="0.402" success="true" />
      <test-case name="RigidbodyConstraintsTest" result="Success" executed="true" time="1.018" success="true" />
      <test-case name="TooLargeMeshDoesntCrashCapsule" result="Success" executed="true" time="0.204" success="true" />
      <test-case name="TooLargeMeshDoesntCrashCube" result="Success" executed="true" time="0.102" success="true" />
      <test-case name="TooLargeMeshDoesntCrashCylinder" result="Success" executed="true" time="0.102" success="true" />
      <test-case name="TooLargeMeshDoesntCrashSphere" result="Success" executed="true" time="0.203" success="true" />
      <test-case name="TestProfilerOutOfMemory" result="Success" executed="true" time="27.613" success="true" />
      <test-case name="MaterialSetPropertiesWorks" result="Success" executed="true" time="0.208" success="true" />
      <test-case name="SetPassOnNullMaterial" result="Success" executed="true" time="0.203" success="true" />
      <test-case name="BuildMeshFromTrisAndVerts" result="Success" executed="true" time="0.203" success="true" />
      <test-case name="CallFunctionsInNativePlugin" result="Success" executed="true" time="0.312" success="true" />
      <test-case name="CanInstantiateReferencedPrefab" result="Success" executed="true" time="0.203" success="true" />
      <test-case name="FindObjectsOfType" result="Success" executed="true" time="0.309" success="true" />
      <test-case name="FindObjectsOrder" result="Success" executed="true" time="0.405" success="true" />
      <test-case name="GameObjectInstanceName" result="Success" executed="true" time="0.202" success="true" />
      <test-case name="GetComponentTestsAll" result="Success" executed="true" time="0.417" success="true" />
      <test-case name="InstantiateWithNull" result="Success" executed="true" time="0.203" success="true" />
      <test-case name="SequentialAttemptsToGetTemporaryCachePathDoNotFail" result="Success" executed="true" time="0.209" success="true" />
      <test-case name="AnimatingCharacterControllerPropertyWorks" result="Success" executed="true" time="0.705" success="true" />
      <test-case name="CCDColliderComesToRest" result="Success" executed="true" time="0.512" success="true" />
      <test-case name="CharacterControllerTest" result="Success" executed="true" time="0.303" success="true" />
      <test-case name="MaterialInstantiatePropertiesWorks" result="Success" executed="true" time="0.205" success="true" />
      <test-case name="LightmapSettingsWorks" result="Success" executed="true" time="0.203" success="true" />
      <test-case name="LoadLevelAdditiveDifferentLightmapsMode" result="Success" executed="true" time="0.305" success="true" />
      <test-case name="MeshClearCanKeepVertexLayout" result="Success" executed="true" time="0.212" success="true" />
      <test-case name="RendererInstantiateOnMaterialAssign" result="Success" executed="true" time="0.303" success="true" />
      <test-case name="ParticleSystemStartSize" result="Success" executed="true" time="0.513" success="true" />
      <test-case name="ParticleSystemEmissionEnabled" result="Success" executed="true" time="0.709" success="true" />
      <test-case name="ParticleSystemEmissionRate" result="Success" executed="true" time="0.304" success="true" />
      <test-case name="ParticleSystemEmitStraightForward" result="Success" executed="true" time="0.21" success="true" />
      <test-case name="ParticleSystemEmitStraightForward2" result="Success" executed="true" time="0.303" success="true" />
      <test-case name="ParticleSystemGetSetWorks" result="Success" executed="true" time="0.504" success="true" />
      <test-case name="ParticleSystemProveNumberOfParticles" result="Success" executed="true" time="0.511" success="true" />
      <test-case name="ShaderNamesAreBackwardsCompatible" result="Success" executed="true" time="0.304" success="true" />
      <test-case name="SkinnedMeshBakeWorks" result="Success" executed="true" time="0.31" success="true" />
      <test-case name="CreateAndReleaseRenderTexture" result="Success" executed="true" time="0.211" success="true" />
      <test-case name="CreateCubemapStoreAsAsset" result="Success" executed="true" time="0.806" success="true" />
      <test-case name="CubemapTests" result="Success" executed="true" time="0.312" success="true" />
      <test-case name="PackTexturesWorks" result="Success" executed="true" time="0.1" success="true" />
      <test-case name="RenderTextureHandlesInvalidData" result="Success" executed="true" time="0.531" success="true" />
      <test-case name="Texture2DReadPixelsWorks" result="Success" executed="true" time="0.211" success="true" />
      <test-case name="BoxCollidesWithBoxProducesExpectedCollisionInformation" result="Success" executed="true" time="0.405" success="true" />
      <test-case name="ObjectsWithCollisionDetectionCollideDiscreteVsDiscrete" result="Success" executed="true" time="0.303" success="true" />
      <test-case name="ObjectsWithCollisionDetectionCollideContinuousVsContinuous" result="Success" executed="true" time="0.403" success="true" />
      <test-case name="ObjectsWithCollisionDetectionCollideDynamicVsDynamic" result="Success" executed="true" time="0.41" success="true" />
      <test-case name="ObjectsWithCollisionDetectionCollideDiscreteVsContinuous" result="Success" executed="true" time="0.404" success="true" />
      <test-case name="ObjectsWithCollisionDetectionCollideDiscreteVsDynamic" result="Success" executed="true" time="0.404" success="true" />
      <test-case name="ObjectsWithCollisionDetectionCollideContinuousVsDynamic" result="Success" executed="true" time="0.411" success="true" />
      <test-case name="DeactivateColliderInCharacterControllerCallback" result="Success" executed="true" time="0.706" success="true" />
      <test-case name="DeleteColliderInCharacterControllerCallback" result="Success" executed="true" time="0.515" success="true" />
      <test-case name="DisableCharacterControllerInCharacterControllerCallback" result="Success" executed="true" time="0.705" success="true" />
      <test-case name="AccessClothVertices" result="Success" executed="true" time="0.517" success="true" />
      <test-case name="ColliderAttachedToRigidbody" result="Success" executed="true" time="0.314" success="true" />
      <test-case name="ColliderEnableTest" result="Success" executed="true" time="0.807" success="true" />
      <test-case name="AnimatingJointPropertyWontReAnchorJoint" result="Success" executed="true" time="0.303" success="true" />
      <test-case name="ConfigurableJointMovesSameInWorldAndInLocalSpace" result="Success" executed="true" time="0.515" success="true" />
      <test-case name="ConfigurableJointTest" result="Success" executed="true" time="0.302" success="true" />
      <test-case name="JointBreakTest" result="Success" executed="true" time="0.311" success="true" />
      <test-case name="JointBreakWithRequireComponentTest" result="Success" executed="true" time="0.303" success="true" />
      <test-case name="ParentColliderAtRuntime" result="Success" executed="true" time="0.504" success="true" />
      <test-case name="ReparentingColliderOnTriggerWillNotResetTriggerState" result="Success" executed="true" time="0.402" success="true" />
      <test-case name="RigidBodyInstantiate" result="Success" executed="true" time="0.203" success="true" />
      <test-case name="RigidbodyMovedFromScriptGetsOnCollisionExit" result="Success" executed="true" time="0.304" success="true" />
      <test-case name="RigidBodyMovePositionWorks" result="Success" executed="true" time="0.414" success="true" />
      <test-case name="RigidBodySweepTestAllWorks" result="Success" executed="true" time="0.302" success="true" />
      <test-case name="RigidBodyWakeUpWontReEnterTrigger" result="Success" executed="true" time="0.617" success="true" />
      <test-case name="SetVelocityOnInactiveObjectWorks" result="Success" executed="true" time="0.303" success="true" />
      <test-case name="SphereCollidesWithBoxProducesExpectedCollisionInformation" result="Success" executed="true" time="0.92" success="true" />
      <test-case name="UnParentColliderAtRuntime" result="Success" executed="true" time="0.402" success="true" />
      <test-case name="ForceLODWorks" result="Success" executed="true" time="0.519" success="true" />
      <test-case name="ScriptLODWorks" result="Success" executed="true" time="0.212" success="true" />
      <test-case name="ModifyingNthMaterialOnRendererWorks" result="Success" executed="true" time="0.204" success="true" />
      <test-case name="OnBecameVisibleDestroyCamera" result="Success" executed="true" time="0.203" success="true" />
      <test-case name="OnBecameVisibleDestroyObject" result="Success" executed="true" time="0.305" success="true" />
      <test-case name="OnBecameVisibleDisableRenderer" result="Success" executed="true" time="0.513" success="true" />
      <test-case name="OnBecameVisibleMultipleCameras" result="Success" executed="true" time="0.405" success="true" />
      <test-case name="OnBecameVisibleMultipleFrames" result="Success" executed="true" time="0.416" success="true" />
[...]
      <test-case name="TextureFormatContainsFlash" result="Success" executed="true" time="0.314" success="true" />
      <test-case name="GameObjectActiveStateIsSetBeforeCallingOnDisable" result="Success" executed="true" time="0.306" success="true" />
      <test-case name="DestroyingObjectsInRecursiveActivationIsNotAllowed" result="Success" executed="true" time="0.31" success="true" />
      <test-case name="WwwEscapeWorks" result="Success" executed="true" time="0.204" success="true" />
      <test-case name="CapsulePlaneCollisionWorksCorrectly" result="Success" executed="true" time="0.211" success="true" />
      <test-case name="ColliderCCDCenterOffsetWorks" result="Success" executed="true" time="0.506" success="true" />
      <test-case name="TextMarkupOutOfBoundsMaterialWillNotCrash" result="Success" executed="true" time="0.313" success="true" />
      <test-case name="SettingPropertyOnInvalidJointDoesNotCrash" result="Success" executed="true" time="0.305" success="true" />
      <test-case name="GameObjectFind" result="Success" executed="true" time="0.209" success="true" />
      <test-case name="ScalingMeshColliderUpFromZeroWillWork" result="Success" executed="true" time="0.211" success="true" />
      <test-case name="BothColliderAndRigidbodyGetTriggerMessages" result="Success" executed="true" time="0.303" success="true" />
      <test-case name="ColliderAsInactiveChildOfRigidbodyIsInactive" result="Success" executed="true" time="0.312" success="true" />
      <test-case name="CanAddCharactersToDynamicFontFromScripting" result="Success" executed="true" time="0.518" success="true" />
      <test-case name="PrefabInstantiateExecutionOrder" result="Success" executed="true" time="0.313" success="true" />
      <test-case name="CopySerialized" result="Success" executed="true" time="0.108" success="true" />
      <test-case name="CopySerializedInvalidTarget" result="Success" executed="true" time="0.202" success="true" />
      <test-case name="CanSerializeRectOffset" result="Success" executed="true" time="0.317" success="true" />
      <test-case name="CanStartCoroutineWithoutStoringReference" result="Success" executed="true" time="0.516" success="true" />
      <test-case name="CanAddMonoBehaviourWithICallInConstructor" result="Success" executed="true" time="0.203" success="true" />
      <test-case name="ExecutionOrderCreatingBehaviourInAwake" result="Success" executed="true" time="0.303" success="true" />
      <test-case name="ExecutionOrderDisableInCallback" result="Success" executed="true" time="0.415" success="true" />
      <test-case name="RigidbodyInterpolationWillNotAffectInternalPosition" result="Success" executed="true" time="0.403" success="true" />
      <test-case name="AnimationEventDontAllowDestroyImmediate" result="Success" executed="true" time="0.303" success="true" />
      <test-case name="CombineMeshesWithInvalidMeshInstanceGivesError" result="Success" executed="true" time="0.213" success="true" />
      <test-case name="AddComponentDuringAwake" result="Success" executed="true" time="0.301" success="true" />
      <test-case name="JointsWillWorkWithConnectedRigidbodiesInChildrenAfterActivation" result="Success" executed="true" time="0.413" success="true" />
      <test-case name="CallbackWithoutParameterWontCrash" result="Success" executed="true" time="0.505" success="true" />
      <test-case name="BoxCollidesWithStaticPlaneProducesExpectedCollisionInformation" result="Success" executed="true" time="0.514" success="true" />
      <test-case name="NothingInRootNamespace" result="Success" executed="true" time="0.202" success="true" />
      <test-case name="CharacterControllerMoveHasImmediateEffect" result="Success" executed="true" time="0.202" success="true" />
      <test-case name="MaterialCanSetScaleOffsetWithoutTexture" result="Success" executed="true" time="0.1" success="true" />
      <test-case name="GameObjectWillInitializedMessagesOnActivation" result="Success" executed="true" time="0.112" success="true" />
      <test-case name="CopyFromSerializedProperty" result="Success" executed="true" time="0.305" success="true" />
      <test-case name="GetScreenRectWorks" result="Success" executed="true" time="0.521" success="true" />
      <test-case name="CanBlendCurvesIn2dBlendTree" result="Success" executed="true" time="0.949" success="true" />
      <test-case name="Blend2dWeightsType2InCircle" result="Success" executed="true" time="1.665" success="true" />
      <test-case name="Blend2dWeightsType2Outwards" result="Success" executed="true" time="0.733" success="true" />
      <test-case name="Blend2dWeightsType2Diagonal" result="Success" executed="true" time="0.94" success="true" />
      <test-case name="Blend2dWeightsType3Straight" result="Success" executed="true" time="1.048" success="true" />
      <test-case name="Blend2dWeightsType3Diagonal" result="Success" executed="true" time="1.135" success="true" />
      <test-case name="DeletingTerrainDataWhichIsInUseShouldNotGiveAnError" result="Success" executed="true" time="0.819" success="true" />
      <test-case name="TerrainSetGetHeights" result="Success" executed="true" time="0.405" success="true" />
      <test-case name="HugeSwitchCase" result="Success" executed="true" time="0.31" success="true" />
      <test-case name="DelegatesAndAbstractsGetSkipped" result="Success" executed="true" time="0.202" success="true" />
      <test-case name="TimeScaleConstraintsWork" result="Success" executed="true" time="0.21" success="true" />
      <test-case name="InertiaTensorCantBeSetToZero" result="Success" executed="true" time="0.204" success="true" />
      <test-case name="MaterialObjectReferenceAnimation" result="Success" executed="true" time="0.416" success="true" />
      <test-case name="MaterialObjectReferenceAnimationEditor" result="Success" executed="true" time="0.419" success="true" />
      <test-case name="CanStartRecordingInFixedUpdate" result="Success" executed="true" time="0.416" success="true" />
      <test-case name="CanStartRecordingInAwake" result="Success" executed="true" time="0.506" success="true" />
      <test-case name="ChangingGravityAwakesRigidbodies" result="Success" executed="true" time="0.414" success="true" />
      <test-case name="JointConnectedAnchorTest" result="Success" executed="true" time="0.605" success="true" />
      <test-case name="DestroyingCollidingRigidbodyWhilePausedWontCrash" result="Success" executed="true" time="0.303" success="true" />
      <test-case name="CharacterControllerCannotBeTrigger" result="Success" executed="true" time="0.212" success="true" />
      <test-case name="CameraCopyFromWorks" result="Success" executed="true" time="0.852" success="true" />
      <test-case name="ComponentSubclassDoesntWriteOutOfBounds" result="Success" executed="true" time="0.203" success="true" />
      <test-case name="AbstractComponentSubclassDoesntWriteOutOfBounds" result="Success" executed="true" time="0.212" success="true" />
      <test-case name="MaterialSetPropsByNameIDWorks" result="Success" executed="true" time="0.304" success="true" />
      <test-case name="RigidbodyWakesUpAfterRemovingConstraints" result="Success" executed="true" time="0.606" success="true" />
      <test-case name="CanInstantiateScriptableObjectWithNonmatchingName" result="Success" executed="true" time="0.202" success="true" />
      <test-case name="CoroutineCanStopItself" result="Success" executed="true" time="0.404" success="true" />
      <test-case name="CustomResponseCSharpFileTest" result="Success" executed="true" time="0.202" success="true" />
      <test-case name="WWWBytesDownloadedWorks" result="Success" executed="true" time="0.303" success="true" />
      <test-case name="SpringJointCollisionTest" result="Success" executed="true" time="0.415" success="true" />
      <test-case name="HingeJointCollisionTest" result="Success" executed="true" time="0.404" success="true" />
      <test-case name="ConfigurableJointCollisionTest" result="Success" executed="true" time="0.505" success="true" />
      <test-case name="CharacterJointCollisionTest" result="Success" executed="true" time="0.51" success="true" />
      <test-case name="SerializedObjectTypesQuaternion" result="Success" executed="true" time="0.732" success="true" />
      <test-case name="AnimationEvent_InvokeMethodWithoutArguments" result="Success" executed="true" time="0.303" success="true" />
      <test-case name="AnimationEvent_InvokeMethodWithIntArgument" result="Success" executed="true" time="0.203" success="true" />
      <test-case name="AnimationEvent_InvokeMethodWithStringArgument" result="Success" executed="true" time="0.313" success="true" />
      <test-case name="AnimationEvent_InvokeMethodWithFloatArgument" result="Success" executed="true" time="0.202" success="true" />
      <test-case name="AnimationEvent_InvokeMethodWithObjectArgument" result="Success" executed="true" time="0.204" success="true" />
      <test-case name="AnimationEvent_InvokeMethodWithAnimationEventArgument" result="Success" executed="true" time="0.302" success="true" />
      <test-case name="AnimationEvent_AnimationEventCanStartCoroutine" result="Success" executed="true" time="0.303" success="true" />
      <test-case name="AnimationEvent_WillNotInvokeStaticMethod" result="Success" executed="true" time="0.301" success="true" />
      <test-case name="SceneBased_AgentActivateCurrentOffMeshLink_AgentActivateCurrentOffMeshLink" result="Success" executed="true" time="0.415" success="true" />
      <test-case name="SceneBased_AgentAreaCostTest_AreaCost" result="Success" executed="true" time="0.503" success="true" />
      <test-case name="SceneBased_AgentCompleteOffMeshLink_AgentCompleteOffMeshLink" result="Success" executed="true" time="0.303" success="true" />
      <test-case name="SceneBased_AgentCrowdSpwnTest_CrowdSpawnTest" result="Success" executed="true" time="1.225" success="true" />
      <test-case name="SceneBased_AgentIsOnOffMeshLinkTest_AgentIsOnOffMeshLink" result="Success" executed="true" time="0.623" success="true" />
      <test-case name="SceneBased_AgentPathIsStaleTest_AgentPathIsStaleTest" result="Success" executed="true" time="0.203" success="true" />
      <test-case name="SceneBased_AgentRemainingDistanceOnOffMeshLink_AgentRemainingDistanceOnOffMeshLink" result="Success" executed="true" time="1.147" success="true" />
      <test-case name="SceneBased_AgentRemainingDistanceTest_AgentRemainingDistanceTest" result="Success" executed="true" time="2.558" success="true" />
      <test-case name="SceneBased_AgentSamplePathPosition_AgentSamplePathPositionTest" result="Success" executed="true" time="0.532" success="true" />
      <test-case name="SceneBased_AgentScaleTransform_AgentScaleTransformTest" result="Success" executed="true" time="0.405" success="true" />
      <test-case name="SceneBased_AgentSetPathTest_AgentSetPathTest" result="Success" executed="true" time="0.617" success="true" />
      <test-case name="SceneBased_AgentSetVelocityLayerNotWalkableTest_AgentSetVelocityLayerNotWalkableTest" result="Success" executed="true" time="0.505" success="true" />
      <test-case name="SceneBased_AgentSteeringTargetTest_AgentSteeringTargetTest" result="Success" executed="true" time="0.415" success="true" />
      <test-case name="SceneBased_AgentVelocityNotWalkableTest_AgentVelocityNotWalkableTest" result="Success" executed="true" time="0.304" success="true" />
      <test-case name="SceneBased_InvalidRepathsAfterReachingEndOfPartial_InvalidRepathsAfterReachingEndOfPartial" result="Success" executed="true" time="0.411" success="true" />
      <test-case name="SceneBased_OccupiedLinksAreNotUsedUntilUnoccupied_OccupiedLinksAreNotUsedUntilUnoccupied" result="Success" executed="true" time="0.404" success="true" />
      <test-case name="SceneBased_OffMeshLinkNotOcupiedAfterAgentResetPath_OffMeshLinkNotOcupiedAfterAgentResetPath" result="Success" executed="true" time="0.613" success="true" />
      <test-case name="SceneBased_NavMeshCalculatePath_CalculatePath" result="Success" executed="true" time="0.514" success="true" />
      <test-case name="SceneBased_NavMeshCalculatePathLength_CalculatePathLength" result="Success" executed="true" time="0.747" success="true" />
      <test-case name="SceneBased_NavMeshCalculatePathPartial_MeshCalculatePathPartial" result="Success" executed="true" time="0.202" success="true" />
      <test-case name="SceneBased_NavMeshDistanceToEdge_DistanceToEdge" result="Success" executed="true" time="0.417" success="true" />
      <test-case name="SceneBased_NavMeshFindClosestEdge_ClosestEdge" result="Success" executed="true" time="0.854" success="true" />
      <test-case name="SceneBased_NavMeshRayCast_RayCast" result="Success" executed="true" time="0.748" success="true" />
      <test-case name="SceneBased_NavMeshRayCastTest_RayCastTest" result="Success" executed="true" time="0.302" success="true" />
      <test-case name="SceneBased_NavMeshSamplePosition_NavMeshSamplePosition" result="Success" executed="true" time="0.504" success="true" />
      <test-case name="SceneBased_NavMeshSamplePositionTest_SamplePosition" result="Success" executed="true" time="0.644" success="true" />
      <test-case name="SceneBased_OneWayLinkTest_OneWayLinkTest" result="Success" executed="true" time="0.405" success="true" />
      <test-case name="SceneBased_OffMeshLinkGetSetNavMeshLayer_OffMeshLinkGetSetNavMeshLayer" result="Success" executed="true" time="0.313" success="true" />
      <test-case name="SceneBased_ImporterEvents_ImporterEvents" result="Success" executed="true" time="0.908" success="true" />
      <test-case name="SceneBased_AnimationPlaybackRangeInfinite_AnimationPlaybackRangeInfinite" result="Success" executed="true" time="0.202" success="true" />
      <test-case name="SceneBased_ExoticTypesAnimateProperly_ExoticTypesAnimateProperly" result="Success" executed="true" time="0.314" success="true" />
      <test-case name="SceneBased_AnimationSetCanChangeClip_AnimationSetCanChangeClip" result="Success" executed="true" time="0.516" success="true" />
      <test-case name="SceneBased_AnimatorStateRuntime_AnimatorStateRuntime" result="Success" executed="true" time="0.517" success="true" />
      <test-case name="SceneBased_GenericBindingsWithDifferentTarget_GenericBindsWithDifferentTargets" result="Success" executed="true" time="0.604" success="true" />
      <test-case name="SceneBased_PrefabAwakeOrderTest_PrefabAwakeOrder" result="Success" executed="true" time="0.418" success="true" />
      <test-case name="SceneBased_RigidBodyInPrefabCanMerge_RigidBodyInPrefabCanMerge" result="Success" executed="true" time="0.1" success="true" />
      <test-case name="SceneBased_BuiltinResourcesExtra2xLightmapShaderGetsRemapped_BuiltinResourcesExtra2xLightmapShaderGetsRemapped" result="Success" executed="true" time="0.212" success="true" />
      <test-case name="SceneBased_ShadersIncludedInBuildTest_ShadersIncludedInBuildTest" result="Success" executed="true" time="0.304" success="true" />
      <test-case name="SceneBased_OnTriggerEnterWithAnimatedCubeAndCC_OnTriggerEnterWithAnimatedCubeAndCC" result="Success" executed="true" time="0.415" success="true" />
      <test-case name="SceneBased_SweepCastsWork_SweepedCasts" result="Success" executed="true" time="0.303" success="true" />
      <test-case name="SceneBased_RigidBodyCollisionDetection_RigidBodyCollisionDetection" result="Success" executed="true" time="0.605" success="true" />
      <test-case name="SceneBased_IgnoreCollisionBetweenControllerAndBox_IgnoreCollisionControllerBox" result="Success" executed="true" time="0.204" success="true" />
      <test-case name="SceneBased_IgnoreCollisionBetweenControllerAndMesh_IgnoreCollisionControllerMesh" result="Success" executed="true" time="0.102" success="true" />
      <test-case name="SceneBased_ClothSceneBasedTests_ClothAttachmentAnimatedCollider" result="Success" executed="true" time="1.323" success="true" />
      <test-case name="SceneBased_ClothSceneBasedTests_ClothAttachmentInteraction" result="Success" executed="true" time="3.224" success="true" />
      <test-case name="SceneBased_ClothSceneBasedTests_ClothAttachmentInteractionProgrammatically" result="Success" executed="true" time="1.714" success="true" />
      <test-case name="SceneBased_ClothSceneBasedTests_ClothPressure" result="Success" executed="true" time="1.316" success="true" />
      <test-case name="SceneBased_ClothSceneBasedTests_ClothRigidbodyInteraction" result="Success" executed="true" time="2.118" success="true" />
      <test-case name="SceneBased_BoxFallsTroughCharacterController_BoxFallsTroughCharacterController" result="Success" executed="true" time="0.404" success="true" />
      <test-case name="SceneBased_CoGUpdatesWhenChildColliderMoves_CoGUpdatesWhenChildColliderMoves" result="Success" executed="true" time="0.617" success="true" />
      <test-case name="SceneBased_MeshColliderWorksWithCombineMeshes_MeshColliderWorksWithCombineMeshes" result="Success" executed="true" time="0.302" success="true" />
      <test-case name="SceneBased_RigidbodySweepWorks_RigidbodySweep" result="Success" executed="true" time="0.417" success="true" />
      <test-case name="SceneBased_IgnoreCollisionLayers_IgnoreCollisionLayersTest" result="Success" executed="true" time="0.516" success="true" />
      <test-case name="SceneBased_RigidBodySittingOnKinematicallyMovingRigidBodyFollowsAlong_scene" result="Success" executed="true" time="0.504" success="true" />
      <test-case name="SceneBased_AddingRendererToChildBeginsAnimationCulling_AddingRendererToChildBeginsAnimationCulling" result="Success" executed="true" time="0.301" success="true" />
      <test-case name="SceneBased_UmbraTests_ObjectVisibilityTests" result="Success" executed="true" time="0.413" success="true" />
      <test-case name="SceneBased_UmbraTests_ShadowCastersOcclusionTests" result="Success" executed="true" time="0.606" success="true" />
      <test-case name="SceneBased_OddNegativeScaleWindingOrder_OddNegativeScaleWindingOrderTestScene" result="Success" executed="true" time="0.516" success="true" />
      <test-case name="SceneBased_ParticlesDestroyedOnCollisionWithPlane_ParticlesDestroyedOnCollisionWithPlane" result="Success" executed="true" time="0.506" success="true" />
      <test-case name="SceneBased_ParticleSystemSimulationSpaceWorks_ParticleSystemSimulationSpaceWorks" result="Success" executed="true" time="0.405" success="true" />
      <test-case name="SceneBased_ExtensionMethods_CanUseExtensionMethods" result="Success" executed="true" time="0.214" success="true" />
      <test-case name="SceneBased_CreatingNewUpdateQueueFromDifferentUpdateQueueWontCrash_CreatingNewUpdateQueueFromDifferentUpdateQueueWontCrash" result="Success" executed="true" time="0.203" success="true" />
      <test-case name="SceneBased_ObjectActiveStateCallbackWorks_ObjectActiveStateCallbackWorksScript" result="Success" executed="true" time="0.303" success="true" />
      <test-case name="SceneBased_QueryComponentsInOnDisable_QueryComponentsInOnDisable" result="Success" executed="true" time="0.212" success="true" />
      <test-case name="SceneBased_PartialClasses_CanUsePartialClass" result="Success" executed="true" time="0.302" success="true" />
      <test-case name="SceneBased_CanHandleCollisionWithPrimitives_TerrainCanHandleOnCollisionEnterWithPrimitives" result="Success" executed="true" time="0.717" success="true" />
      <test-case name="SceneBased_CanHandleCollisionWithPrimitives_TerrainCanHandleOnTriggerEnterWithPrimitives" result="Success" executed="true" time="0.503" success="true" />
      <test-case name="SceneBased_CanHandleDestroy_TerrainCanHandleDestroy" result="Success" executed="true" time="0.413" success="true" />
    </results>
  </test-suite>
</test-results>